<?xml version="1.0" encoding="UTF-8"?>
<!-- Generated by org.testng.reporters.JUnitReportReporter -->
<testsuite hostname="win2019" failures="0" tests="1" name="com.locators1.locators_class_name" time="11.531" errors="0" timestamp="2024-08-21T21:20:03 PDT" skipped="0">
  <testcase classname="com.locators1.locators_class_name" name="Locator_class_name" time="11.531"/>
  <system-out/>
</testsuite> <!-- com.locators1.locators_class_name -->
