<?xml version="1.0" encoding="UTF-8"?>
<!-- Generated by org.testng.reporters.JUnitReportReporter -->
<testsuite hostname="win2019" failures="0" tests="1" name="com.locators1.Tag_Name_locators_2" time="9.908" errors="0" timestamp="2024-08-21T21:53:31 PDT" skipped="0">
  <testcase classname="com.locators1.Tag_Name_locators_2" name="same_class_name_different_name" time="9.908"/>
  <system-out/>
</testsuite> <!-- com.locators1.Tag_Name_locators_2 -->
