<?xml version="1.0" encoding="UTF-8"?>
<!-- Generated by org.testng.reporters.JUnitReportReporter -->
<testsuite hostname="win2019" failures="0" tests="1" name="com.locators1.Link_text_and_partial_link_text" time="29.922" errors="0" timestamp="2024-08-21T23:14:23 PDT" skipped="0">
  <testcase classname="com.locators1.Link_text_and_partial_link_text" name="Partial_link_text" time="29.922"/>
  <system-out/>
</testsuite> <!-- com.locators1.Link_text_and_partial_link_text -->
