<?xml version="1.0" encoding="UTF-8"?>
<!-- Generated by org.testng.reporters.JUnitReportReporter -->
<testsuite hostname="win2019" failures="0" tests="1" name="com.locators1.Tag_name_with_get_attribute" time="6.570" errors="0" timestamp="2024-08-21T23:03:54 PDT" skipped="0">
  <testcase classname="com.locators1.Tag_name_with_get_attribute" name="Tag_name_with_attribute" time="6.570"/>
  <system-out/>
</testsuite> <!-- com.locators1.Tag_name_with_get_attribute -->
