<?xml version="1.0" encoding="UTF-8"?>
<!-- Generated by org.testng.reporters.JUnitReportReporter -->
<testsuite hostname="win2019" failures="0" tests="3" name="com.locators1.DemoLocators1" time="43.622" errors="0" timestamp="2024-08-21T03:52:46 PDT" skipped="0">
  <testcase classname="com.locators1.DemoLocators1" name="ExId" time="16.953"/>
  <system-out/>
  <testcase classname="com.locators1.DemoLocators1" name="WebElementsEnabled" time="14.430"/>
  <system-out/>
  <testcase classname="com.locators1.DemoLocators1" name="WebElementsSelected" time="12.239"/>
  <system-out/>
</testsuite> <!-- com.locators1.DemoLocators1 -->
